#
# There is insufficient memory for the Java Runtime Environment to continue.
# Native memory allocation (mmap) failed to map 130023424 bytes. Error detail: G1 virtual space
# Possible reasons:
#   The system is out of physical RAM or swap space
#   This process is running with CompressedOops enabled, and the Java Heap may be blocking the growth of the native heap
# Possible solutions:
#   Reduce memory load on the system
#   Increase physical memory or swap space
#   Check if swap backing store is full
#   Decrease Java heap size (-Xmx/-Xms)
#   Decrease number of Java threads
#   Decrease Java thread stack sizes (-Xss)
#   Set larger code cache with -XX:ReservedCodeCacheSize=
#   JVM is running with Unscaled Compressed Oops mode in which the Java heap is
#     placed in the first 4GB address space. The Java Heap base address is the
#     maximum limit for the native heap growth. Please use -XX:HeapBaseMinAddress
#     to set the Java Heap base and to place the Java Heap above 4GB virtual address.
# This output file may be truncated or incomplete.
#
#  Out of Memory Error (os_windows.cpp:3631), pid=5572, tid=22224
#
# JRE version:  (22.0.1+8) (build )
# Java VM: Java HotSpot(TM) 64-Bit Server VM (22.0.1+8-16, mixed mode, sharing, tiered, compressed oops, compressed class ptrs, g1 gc, windows-amd64)
# No core dump will be written. Minidumps are not enabled by default on client versions of Windows
#

---------------  S U M M A R Y ------------

Command Line: -ea -Dfile.encoding=UTF-8 -Dstdout.encoding=UTF-8 -Dstderr.encoding=UTF-8 -XX:+ShowCodeDetailsInExceptionMessages org.testng.remote.RemoteTestNG -serport 61506 -protocol json -d C:\Users\Kedar.Tambat\eclipse-workspace\BajajLOB\test-output C:\Users\KEDAR~1.TAM\AppData\Local\Temp\testng-eclipse-613329287\testng-customsuite.xml

Host: 11th Gen Intel(R) Core(TM) i3-1115G4 @ 3.00GHz, 4 cores, 7G,  Windows 10 , 64 bit Build 19041 (10.0.19041.5198)
Time: Tue Jan 14 12:31:42 2025 India Standard Time elapsed time: 0.076126 seconds (0d 0h 0m 0s)

---------------  T H R E A D  ---------------

Current thread (0x000001e18f231700):  JavaThread "Unknown thread" [_thread_in_vm, id=22224, stack(0x0000002464500000,0x0000002464600000) (1024K)]

Stack: [0x0000002464500000,0x0000002464600000]
Native frames: (J=compiled Java code, j=interpreted, Vv=VM code, C=native code)
V  [jvm.dll+0x6e2279]  (no source info available)
V  [jvm.dll+0x874e33]  (no source info available)
V  [jvm.dll+0x87725e]  (no source info available)
V  [jvm.dll+0x877933]  (no source info available)
V  [jvm.dll+0x27fd76]  (no source info available)
V  [jvm.dll+0x6de915]  (no source info available)
V  [jvm.dll+0x6d341a]  (no source info available)
V  [jvm.dll+0x3589da]  (no source info available)
V  [jvm.dll+0x360f06]  (no source info available)
V  [jvm.dll+0x3b3e2e]  (no source info available)
V  [jvm.dll+0x3b40d8]  (no source info available)
V  [jvm.dll+0x32c59c]  (no source info available)
V  [jvm.dll+0x32d158]  (no source info available)
V  [jvm.dll+0x83ccdc]  (no source info available)
V  [jvm.dll+0x3c0d71]  (no source info available)
V  [jvm.dll+0x825ccc]  (no source info available)
V  [jvm.dll+0x45b8fe]  (no source info available)
V  [jvm.dll+0x45d781]  (no source info available)
C  [jli.dll+0x52a3]  (no source info available)
C  [ucrtbase.dll+0x21bb2]  (no source info available)
C  [KERNEL32.DLL+0x17374]  (no source info available)
C  [ntdll.dll+0x4cc91]  (no source info available)


---------------  P R O C E S S  ---------------

Threads class SMR info:
_java_thread_list=0x00007fff2b86b1c8, length=0, elements={
}

Java Threads: ( => current thread )
Total: 0

Other Threads:
  0x000001e1a8baed10 WorkerThread "GC Thread#0"                     [id=16936, stack(0x0000002464600000,0x0000002464700000) (1024K)]
  0x000001e18f279260 ConcurrentGCThread "G1 Main Marker"            [id=30656, stack(0x0000002464700000,0x0000002464800000) (1024K)]
  0x000001e1a8baf0c0 WorkerThread "G1 Conc#0"                       [id=11656, stack(0x0000002464800000,0x0000002464900000) (1024K)]

[error occurred during error reporting (printing all threads), id 0xc0000005, EXCEPTION_ACCESS_VIOLATION (0xc0000005) at pc=0x00007fff2afbf367]
VM state: not at safepoint (not fully initialized)

VM Mutex/Monitor currently owned by a thread:  ([mutex/lock_event])
[0x00007fff2b8ebcb8] Heap_lock - owner thread: 0x000001e18f231700

Heap address: 0x0000000084e00000, size: 1970 MB, Compressed Oops mode: 32-bit

CDS archive(s) mapped at: [0x0000000000000000-0x0000000000000000-0x0000000000000000), size 0, SharedBaseAddress: 0x0000000800000000, ArchiveRelocationMode: 1.
Narrow klass base: 0x0000000000000000, Narrow klass shift: 0, Narrow klass range: 0x0

GC Precious Log:
 CardTable entry size: 512
 Card Set container configuration: InlinePtr #cards 5 size 8 Array Of Cards #cards 12 size 40 Howl #buckets 4 coarsen threshold 1843 Howl Bitmap #cards 512 size 80 coarsen threshold 460 Card regions per heap region 1 cards per card region 2048

Heap:
 garbage-first heap   total reserved 2017280K, committed 0K, used 0K [0x0000000084e00000, 0x0000000100000000)
  region size 1024K, 0 young (0K), 0 survivors (0K)

[error occurred during error reporting (printing heap information), id 0xc0000005, EXCEPTION_ACCESS_VIOLATION (0xc0000005) at pc=0x00007fff2b3be429]
GC Heap History (0 events):
No events

Dll operation events (1 events):
Event: 0.056 Loaded shared library C:\Program Files\Java\jdk-22\bin\java.dll

Deoptimization events (0 events):
No events

Classes loaded (0 events):
No events

Classes unloaded (0 events):
No events

Classes redefined (0 events):
No events

Internal exceptions (0 events):
No events

ZGC Phase Switch (0 events):
No events

VM Operations (0 events):
No events

Events (0 events):
No events


Dynamic libraries:
0x00007ff636ac0000 - 0x00007ff636ad0000 	C:\Program Files\Java\jdk-22\bin\javaw.exe
0x00007fffc1d10000 - 0x00007fffc1f08000 	C:\Windows\SYSTEM32\ntdll.dll
0x00007fffc1530000 - 0x00007fffc15f2000 	C:\Windows\System32\KERNEL32.DLL
0x00007fffbf7c0000 - 0x00007fffbfabe000 	C:\Windows\System32\KERNELBASE.dll
0x00007fffbf6c0000 - 0x00007fffbf7c0000 	C:\Windows\System32\ucrtbase.dll
0x00007fffb9880000 - 0x00007fffb9897000 	C:\Program Files\Java\jdk-22\bin\jli.dll
0x00007fffc0800000 - 0x00007fffc08b1000 	C:\Windows\System32\ADVAPI32.dll
0x00007fffc16b0000 - 0x00007fffc174e000 	C:\Windows\System32\msvcrt.dll
0x00007fffc0360000 - 0x00007fffc03ff000 	C:\Windows\System32\sechost.dll
0x00007fffc1aa0000 - 0x00007fffc1bc3000 	C:\Windows\System32\RPCRT4.dll
0x00007fffbfac0000 - 0x00007fffbfae7000 	C:\Windows\System32\bcrypt.dll
0x00007fffc05b0000 - 0x00007fffc074d000 	C:\Windows\System32\USER32.dll
0x00007fffbf5f0000 - 0x00007fffbf612000 	C:\Windows\System32\win32u.dll
0x00007fffbfef0000 - 0x00007fffbff1b000 	C:\Windows\System32\GDI32.dll
0x00007fffbfaf0000 - 0x00007fffbfc07000 	C:\Windows\System32\gdi32full.dll
0x00007fffbf620000 - 0x00007fffbf6bd000 	C:\Windows\System32\msvcp_win.dll
0x00007fffb7c30000 - 0x00007fffb7c4b000 	C:\Program Files\Java\jdk-22\bin\VCRUNTIME140.dll
0x00007fffa3940000 - 0x00007fffa3bda000 	C:\Windows\WinSxS\amd64_microsoft.windows.common-controls_6595b64144ccf1df_6.0.19041.4355_none_60b8b9eb71f62e16\COMCTL32.dll
0x00007fffb36c0000 - 0x00007fffb36ca000 	C:\Windows\SYSTEM32\VERSION.dll
0x00007fffc1ca0000 - 0x00007fffc1ccf000 	C:\Windows\System32\IMM32.DLL
0x00007fffa0310000 - 0x00007fffa046a000 	\\?\EBTWxVqNXQnRDHoLUDJxJOH\GLOBAL??\C:\Windows\system32\tmumh\20019\AddOn\8.55.0.1333\TmUmEvt64.dll
0x00007fffc18e0000 - 0x00007fffc18e8000 	C:\Windows\System32\PSAPI.DLL
0x0000000076c20000 - 0x0000000076d9e000 	\\?\EBTWxVqNXQnRDHoLUDJxJOH\GLOBAL??\C:\Windows\system32\tmumh\20019\TmMon\2.9.0.1176\tmmon64.dll
0x00007fff90d00000 - 0x00007fff9103e000 	C:\Windows\System32\TmLWE\TmUmSnsr64\1.0.0.1143\TmUmSnsr64.dll
0x0000000076da0000 - 0x0000000076e10000 	C:\Windows\System32\QIPCAP64.dll
0x00007fffc0940000 - 0x00007fffc10ad000 	C:\Windows\System32\SHELL32.dll
0x00007fffbe810000 - 0x00007fffbe8da000 	C:\Windows\SYSTEM32\DNSAPI.dll
0x00007fffbe7d0000 - 0x00007fffbe80b000 	C:\Windows\SYSTEM32\IPHLPAPI.DLL
0x00007fffc1520000 - 0x00007fffc1528000 	C:\Windows\System32\NSI.dll
0x00007fffbd9f0000 - 0x00007fffbda02000 	C:\Windows\SYSTEM32\kernel.appcore.dll
0x00007fffb7f30000 - 0x00007fffb7f3c000 	C:\Program Files\Java\jdk-22\bin\vcruntime140_1.dll
0x00007fff7abf0000 - 0x00007fff7ac7e000 	C:\Program Files\Java\jdk-22\bin\msvcp140.dll
0x00007fff2ac80000 - 0x00007fff2b9c7000 	C:\Program Files\Java\jdk-22\bin\server\jvm.dll
0x00007fffc1bd0000 - 0x00007fffc1c3b000 	C:\Windows\System32\WS2_32.dll
0x00007fffbe940000 - 0x00007fffbe98b000 	C:\Windows\SYSTEM32\POWRPROF.dll
0x00007fffb0660000 - 0x00007fffb0687000 	C:\Windows\SYSTEM32\WINMM.dll
0x00007fffbe7b0000 - 0x00007fffbe7c2000 	C:\Windows\SYSTEM32\UMPDC.dll
0x00007fffb7c20000 - 0x00007fffb7c2a000 	C:\Program Files\Java\jdk-22\bin\jimage.dll
0x00007fffbcf40000 - 0x00007fffbd124000 	C:\Windows\SYSTEM32\DBGHELP.DLL
0x00007fff9f0d0000 - 0x00007fff9f104000 	C:\Windows\SYSTEM32\dbgcore.DLL
0x00007fffbf3b0000 - 0x00007fffbf432000 	C:\Windows\System32\bcryptPrimitives.dll
0x00007fffa4150000 - 0x00007fffa416e000 	C:\Program Files\Java\jdk-22\bin\java.dll
0x00007fffc17b0000 - 0x00007fffc18db000 	C:\Windows\System32\ole32.dll
0x00007fffc0000000 - 0x00007fffc0353000 	C:\Windows\System32\combase.dll

dbghelp: loaded successfully - version: 4.0.5 - missing functions: none
symbol engine: initialized successfully - sym options: 0x614 - pdb path: .;C:\Program Files\Java\jdk-22\bin;C:\Windows\SYSTEM32;C:\Windows\WinSxS\amd64_microsoft.windows.common-controls_6595b64144ccf1df_6.0.19041.4355_none_60b8b9eb71f62e16;\\?\EBTWxVqNXQnRDHoLUDJxJOH\GLOBAL??\C:\Windows\system32\tmumh\20019\AddOn\8.55.0.1333;\\?\EBTWxVqNXQnRDHoLUDJxJOH\GLOBAL??\C:\Windows\system32\tmumh\20019\TmMon\2.9.0.1176;C:\Windows\System32\TmLWE\TmUmSnsr64\1.0.0.1143;C:\Program Files\Java\jdk-22\bin\server

VM Arguments:
jvm_args: -ea -Dfile.encoding=UTF-8 -Dstdout.encoding=UTF-8 -Dstderr.encoding=UTF-8 -XX:+ShowCodeDetailsInExceptionMessages 
java_command: org.testng.remote.RemoteTestNG -serport 61506 -protocol json -d C:\Users\Kedar.Tambat\eclipse-workspace\BajajLOB\test-output C:\Users\KEDAR~1.TAM\AppData\Local\Temp\testng-eclipse-613329287\testng-customsuite.xml
java_class_path (initial): C:\Users\Kedar.Tambat\eclipse\java-2024-06\eclipse\configuration\org.eclipse.osgi\523\0\.cp\lib\testng-remote.jar;C:\Users\Kedar.Tambat\eclipse-workspace\BajajLOB\bin;C:\Users\Kedar.Tambat\Downloads\testng-7.10.2-sources.jar;C:\Users\Kedar.Tambat\Downloads\testng-7.10.2-javadoc.jar;C:\Users\Kedar.Tambat\Downloads\testng-7.10.2.jar;D:\Automation Project\Selenium library\selenium-java-4.21.0\auto-service-annotations-1.1.1.jar;D:\Automation Project\Selenium library\selenium-java-4.21.0\auto-service-annotations-1.1.1-sources.jar;D:\Automation Project\Selenium library\selenium-java-4.21.0\byte-buddy-1.14.15.jar;D:\Automation Project\Selenium library\selenium-java-4.21.0\byte-buddy-1.14.15-sources.jar;D:\Automation Project\Selenium library\selenium-java-4.21.0\checker-qual-3.42.0.jar;D:\Automation Project\Selenium library\selenium-java-4.21.0\checker-qual-3.42.0-sources.jar;D:\Automation Project\Selenium library\selenium-java-4.21.0\commons-exec-1.4.0.jar;D:\Automation Project\Selenium library\selenium-java-4.21.0\commons-exec-1.4.0-sources.jar;D:\Automation Project\Selenium library\selenium-java-4.21.0\error_prone_annotations-2.26.1.jar;D:\Automation Project\Selenium library\selenium-java-4.21.0\error_prone_annotations-2.26.1-sources.jar;D:\Automation Project\Selenium library\selenium-java-4.21.0\failsafe-3.3.2.jar;D:\Automation Project\Selenium library\selenium-java-4.21.0\failsafe-3.3.2-sources.jar;D:\Automation Project\Selenium library\selenium-java-4.21.0\failureaccess-1.0.2.jar;D:\Automation Project\Selenium library\selenium-java-4.21.0\failureaccess-1.0.2-sources.jar;D:\Automation Project\Selenium library\selenium-java-4.21.0\guava-33.2.0-jre.jar;D:\Automation Project\Selenium library\selenium-java-4.21.0\guava-33.2.0-jre-sources.jar;D:\Automation Project\Selenium library\selenium-java-4.21.0\j2objc-annotations-3.0.0.jar;D:\Automation Project\Selenium library\selenium-java-4.21.0\j2objc-annotations-3.0.0-sources.jar;D:\Automation Project\Selenium library\selenium-java-4.21.0\jsr305-3.0.2.jar;D:\Automation Project\Selenium library\selenium-java-4.21.0\jsr305-3.0.2-sources.jar;D:\Automation Project\Selenium library\selenium-java-4.21.0\listenablefuture-9999.0-empty-to-avoid-conflict-with-guava.jar;D:\Automation Project\Selenium library\selenium-java-4.21.0\opentelemetry-api-1.38.0.jar;D:\Automation Project\Selenium library\selenium-java-4.21.0\opentelemetry-api-1.38.0-sources.jar;D:\Automation Project\Selenium library\selenium-java-4.21.0\opentelemetry-api-incubator-1.38.0-alpha.jar;D:\Automation Project\Selenium library\selenium-java-4.21.0\opentelemetry-api-incubator-1.38.0-alpha-sources.jar;D:\Automation Project\Selenium library\selenium-java-4.21.0\opentelemetry-context-1.38.0.jar;D:\Automation Project\Selenium library\selenium-java-4.21.0\opentelemetry-context-1.38.0-sources.jar;D:\Automation Project\Selenium library\selenium-java-4.21.0\opentelemetry-exporter-logging-1.38.0.jar;D:\Automation Project\Selenium library\selenium-java-4.21.0\opentelemetry-exporter-logging-1.38.0-sources.jar;D:\Automation Project\Selenium library\selenium-java-4.21.0\opentelemetry-sdk-1.38.0.jar;D:\Automation Project\Selenium library\selenium-java-4.21.0\opentelemetry-sdk-1.38.0-sources.jar;D:\Automation Project\Selenium library\selenium-java-4.21.0\opentelemetry-sdk-common-1.38.0.jar;D:\Automation Project\Selenium library\selenium-java-4.21.0\opentelemetry-sdk-common-1.38.0-sources.jar;D:\Automation Project\Selenium library\selenium-java-4.21.0\opentelemetry-sdk-extension-autoconfigure-1.38.0.jar;D:\Automation Project\Selenium library\selenium-java-4.21.0\opentelemetry-sdk-extension-autoconfigure-1.38.0-sources.jar;D:\Automation Project\Selenium library\selenium-java-4.21.0\opentelemetry-sdk-extension-autoconfigure-spi-1.38.0.jar;D:\Automation Project\Selenium library\selenium-java-4.21.0\opentelemetry-sdk-extension-autoconfigure-spi-1.38.0-sources.jar;D:\Automation Project\Selenium library\selenium-java-4.21.0\opentelemetry-sdk-logs-1.38.0.jar;D:\Automation Project\Selenium library\selenium-java-4.21.0\opentelemetry-sdk-logs-1.38.0-sources.jar;D:\Automation Project\Selenium library\selenium-java-4.21.0\opentelemetry-sdk-metrics-1.38.0.jar;D:\Automation Project\Selenium library\selenium-java-4.21.0\opentelemetry-sdk-metrics-1.38.0-sources.jar;D:\Automation Project\Selenium library\selenium-java-4.21.0\opentelemetry-sdk-trace-1.38.0.jar;D:\Automation Project\Selenium library\selenium-java-4.21.0\opentelemetry-sdk-trace-1.38.0-sources.jar;D:\Automation Project\Selenium library\selenium-java-4.21.0\opentelemetry-semconv-1.25.0-alpha.jar;D:\Automation Project\Selenium library\selenium-java-4.21.0\opentelemetry-semconv-1.25.0-alpha-sources.jar;D:\Automation Project\Selenium library\selenium-java-4.21.0\selenium-api-4.21.0.jar;D:\Automation Project\Selenium library\selenium-java-4.21.0\selenium-api-4.21.0-sources.jar;D:\Automation Project\Selenium library\selenium-java-4.21.0\selenium-chrome-driver-4.21.0.jar;D:\Automation Project\Selenium library\selenium-java-4.21.0\selenium-chrome-driver-4.21.0-sources.jar;D:\Automation Project\Selenium library\selenium-java-4.21.0\selenium-chromium-driver-4.21.0.jar;D:\Automation Project\Selenium library\selenium-java-4.21.0\selenium-chromium-driver-4.21.0-sources.jar;D:\Automation Project\Selenium library\selenium-java-4.21.0\selenium-devtools-v85-4.21.0.jar;D:\Automation Project\Selenium library\selenium-java-4.21.0\selenium-devtools-v85-4.21.0-sources.jar;D:\Automation Project\Selenium library\selenium-java-4.21.0\selenium-devtools-v123-4.21.0.jar;D:\Automation Project\Selenium library\selenium-java-4.21.0\selenium-devtools-v123-4.21.0-sources.jar;D:\Automation Project\Selenium library\selenium-java-4.21.0\selenium-devtools-v124-4.21.0.jar;D:\Automation Project\Selenium library\selenium-java-4.21.0\selenium-devtools-v124-4.21.0-sources.jar;D:\Automation Project\Selenium library\selenium-java-4.21.0\selenium-devtools-v125-4.21.0.jar;D:\Automation Project\Selenium library\selenium-java-4.21.0\selenium-devtools-v125-4.21.0-sources.jar;D:\Automation Project\Selenium library\selenium-java-4.21.0\selenium-edge-driver-4.21.0.jar;D:\Automation Project\Selenium library\selenium-java-4.21.0\selenium-edge-driver-4.21.0-sources.jar;D:\Automation Project\Selenium library\selenium-java-4.21.0\selenium-firefox-driver-4.21.0.jar;D:\Automation Project\Selenium library\selenium-java-4.21.0\selenium-firefox-driver-4.21.0-sources.jar;D:\Automation Project\Selenium library\selenium-java-4.21.0\selenium-http-4.21.0.jar;D:\Automation Project\Selenium library\selenium-java-4.21.0\selenium-http-4.21.0-sources.jar;D:\Automation Project\Selenium library\selenium-java-4.21.0\selenium-ie-driver-4.21.0.jar;D:\Automation Project\Selenium library\selenium-java-4.21.0\selenium-ie-driver-4.21.0-sources.jar;D:\Automation Project\Selenium library\selenium-java-4.21.0\selenium-java-4.21.0.jar;D:\Automation Project\Selenium library\selenium-java-4.21.0\selenium-java-4.21.0-sources.jar;D:\Automation Project\Selenium library\selenium-java-4.21.0\selenium-json-4.21.0.jar;D:\Automation Project\Selenium library\selenium-java-4.21.0\selenium-json-4.21.0-sources.jar;D:\Automation Project\Selenium library\selenium-java-4.21.0\selenium-manager-4.21.0.jar;D:\Automation Project\Selenium library\selenium-java-4.21.0\selenium-manager-4.21.0-sources.jar;D:\Automation Project\Selenium library\selenium-java-4.21.0\selenium-os-4.21.0.jar;D:\Automation Project\Selenium library\selenium-java-4.21.0\selenium-os-4.21.0-sources.jar;D:\Automation Project\Selenium library\selenium-java-4.21.0\selenium-remote-driver-4.21.0.jar;D:\Automation Project\Selenium library\selenium-java-4.21.0\selenium-remote-driver-4.21.0-sources.jar;D:\Automation Project\Selenium library\selenium-java-4.21.0\selenium-safari-driver-4.21.0.jar;D:\Automation Project\Selenium library\selenium-java-4.21.0\selenium-safari-driver-4.21.0-sources.jar;D:\Automation Project\Selenium library\selenium-java-4.21.0\selenium-support-4.21.0.jar;D:\Automation Project\Selenium library\selenium-java-4.21.0\selenium-support-4.21.0-sources.jar;D:\Automation Project\lib\apache-mime4j-0.6.jar;D:\Automation Project\lib\ashot-1.5.4.jar;D:\Automation Project\lib\bsh-2.0b4.jar;D:\Automation Project\lib\bson-3.3.0.jar;D:\Automation Project\lib\cglib-nodep-2.1_3.jar;D:\Automation Project\lib\commons-codec-1.9.jar;D:\Automation Project\lib\commons-collections-3.2.1.jar;D:\Automation Project\lib\commons-compress-1.20.jar;D:\Automation Project\lib\commons-el-1.0.jar;D:\Automation Project\lib\commons-exec-1.3.jar;D:\Automation Project\lib\commons-io-2.4.jar;D:\Automation Project\lib\commons-io-2.8.0.jar;D:\Automation Project\lib\commons-lang3-3.4.jar;D:\Automation Project\lib\commons-lang3-3.12.0.jar;D:\Automation Project\lib\commons-logging-1.2.jar;D:\Automation Project\lib\cssparser-0.9.16.jar;D:\Automation Project\lib\dom4j-1.6.1.jar;D:\Automation Project\lib\extentreports-2.41.2.jar;D:\Automation Project\lib\extentreports-3.1.5.jar;D:\Automation Project\lib\fontbox-1.8.1.jar;D:\Automation Project\lib\freemarker-2.3.23.jar;D:\Automation Project\lib\gson-2.8.0.jar;D:\Automation Project\lib\gson-2.8.6.jar;D:\Automation Project\lib\guava-18.0.jar;D:\Automation Project\lib\guice-3.0.jar;D:\Automation Project\lib\hamcrest-core-1.3.jar;D:\Automation Project\lib\hamcrest-library-1.3.jar;D:\Automation Project\lib\htmlunit-2.18.jar;D:\Automation Project\lib\htmlunit-core-js-2.17.jar;D:\Automation Project\lib\httpclient-4.5.2.jar;D:\Automation Project\lib\httpclient5-5.0.3.jar;D:\Automation Project\lib\httpcore-4.4.4.jar;D:\Automation Project\lib\httpcore5-5.0.2.jar;D:\Automation Project\lib\httpcore5-h2-5.0.2.jar;D:\Automation Project\lib\httpmime-4.5.2.jar;D:\Automation Project\lib\jarchivelib-1.1.0.jar;D:\Automation Project\lib\jasper-compiler-5.5.15.jar;D:\Automation Project\lib\jasper-compiler-jdt-5.5.15.jar;D:\Automation Project\lib\jasper-runtime-5.5.15.jar;D:\Automation Project\lib\javax.servlet-api-3.1.0.jar;D:\Automation Project\lib\jcommander-1.48.jar;D:\Automation Project\lib\jetty-continuation-9.2.13.v20150730.jar;D:\Automation Project\lib\jetty-http-9.2.13.v20150730.jar;D:\Automation Project\lib\jetty-io-9.2.13.v20150730.jar;D:\Automation Project\lib\jetty-jmx-9.2.13.v20150730.jar;D:\Automation Project\lib\jetty-security-9.2.13.v20150730.jar;D:\Automation Project\lib\jetty-server-9.2.13.v20150730.jar;D:\Automation Project\lib\jetty-servlet-9.2.13.v20150730.jar;D:\Automation Project\lib\jetty-servlets-9.2.13.v20150730.jar;D:\Automation Project\lib\jetty-util-9.2.13.v20150730.jar;D:\Automation Project\lib\jna-4.1.0.jar;D:\Automation Project\lib\jna-platform-4.1.0.jar;D:\Automation Project\lib\jsoup-1.9.2.jar;D:\Automation Project\lib\jsoup-1.13.1.jar;D:\Automation Project\lib\jsp-api-2.0.jar;D:\Automation Project\lib\junit-4.12.jar;D:\Automation Project\lib\log4j-1.2.15.jar;D:\Automation Project\lib\mongodb-driver-3.3.0.jar;D:\Automation Project\lib\mongodb-driver-core-3.3.0.jar;D:\Automation Project\lib\nekohtml-1.9.22.jar;D:\Automation Project\lib\netty-3.5.7.Final.jar;D:\Automation Project\lib\pdfbox-1.7.1.jar;D:\Automation Project\lib\pdfbox-1.8.2.jar;D:\Automation Project\lib\phantomjsdriver-1.2.1.jar;D:\Automation Project\lib\poi-3.8-20120326.jar;D:\Automation Project\lib\poi-ooxml-3.8-20120326.jar;D:\Automation Project\lib\poi-ooxml-schemas-3.8-20120326.jar;D:\Automation Project\lib\velocity-dep-1.4.jar;D:\Automation Project\lib\reportng-1.1.4.jar;D:\Automation Project\lib\sac-1.3.jar;D:\Automation Project\lib\saxon-8.7.jar;D:\Automation Project\lib\SaxonLiaison.jar;D:\Automation Project\lib\selenium-java-2.48.2.jar;D:\Automation Project\lib\selenium-java-2.48.2-srcs.jar;D:\Automation Project\lib\selenium-server-standalone-3.7.1.jar;D:\Automation Project\lib\serializer-2.7.2.jar;D:\Automation Project\lib\slf4j-api-1.7.30.jar;D:\Automation Project\lib\sqlite-jdbc-3.8.11.1.jar;D:\Automation Project\lib\testng-6.9.6.jar;D:\Automation Project\lib\webdrivermanager-4.4.3.jar;D:\Automation Project\lib\websocket-api-9.2.13.v20150730.jar;D:\Automation Project\lib\websocket-client-9.2.13.v20150730.jar;D:\Automation Project\lib\websocket-common-9.2.13.v20150730.jar;D:\Automation Project\lib\xalan-2.7.2.jar;D:\Automation Project\lib\xercesImpl-2.11.0.jar;D:\Automation Project\lib\xml-apis-1.4.01.jar;D:\Automation Project\lib\xmlbeans-2.3.0.jar
Launcher Type: SUN_STANDARD

[Global flags]
     intx CICompilerCount                          = 3                                         {product} {ergonomic}
     uint ConcGCThreads                            = 1                                         {product} {ergonomic}
     uint G1ConcRefinementThreads                  = 4                                         {product} {ergonomic}
   size_t G1HeapRegionSize                         = 1048576                                   {product} {ergonomic}
   size_t InitialHeapSize                          = 130023424                                 {product} {ergonomic}
   size_t MarkStackSize                            = 4194304                                   {product} {ergonomic}
   size_t MaxHeapSize                              = 2065694720                                {product} {ergonomic}
   size_t MinHeapDeltaBytes                        = 1048576                                   {product} {ergonomic}
   size_t MinHeapSize                              = 8388608                                   {product} {ergonomic}
    uintx NonNMethodCodeHeapSize                   = 5832780                                {pd product} {ergonomic}
    uintx NonProfiledCodeHeapSize                  = 122912730                              {pd product} {ergonomic}
    uintx ProfiledCodeHeapSize                     = 122912730                              {pd product} {ergonomic}
    uintx ReservedCodeCacheSize                    = 251658240                              {pd product} {ergonomic}
     bool SegmentedCodeCache                       = true                                      {product} {ergonomic}
     bool ShowCodeDetailsInExceptionMessages       = true                                   {manageable} {command line}
   size_t SoftMaxHeapSize                          = 2065694720                             {manageable} {ergonomic}
     bool UseCompressedOops                        = true                           {product lp64_product} {ergonomic}
     bool UseG1GC                                  = true                                      {product} {ergonomic}
     bool UseLargePagesIndividualAllocation        = false                                  {pd product} {ergonomic}

Logging:
Log output configuration:
 #0: stdout all=warning uptime,level,tags foldmultilines=false
 #1: stderr all=off uptime,level,tags foldmultilines=false

Environment Variables:
PATH=C:/Program Files/Java/jdk-22/bin/server;C:/Program Files/Java/jdk-22/bin;C:\Program Files\Common Files\Oracle\Java\javapath;C:\Program Files (x86)\Common Files\Oracle\Java\javapath;C:\Windows\system32;C:\Windows;C:\Windows\System32\Wbem;C:\Windows\System32\WindowsPowerShell\v1.0\;C:\Windows\System32\OpenSSH\;C:\Users\Kedar.Tambat\AppData\Local\Microsoft\WindowsApps;C:\Users\Kedar.Tambat\AppData\Local\JetBrains\IntelliJ IDEA Community Edition 2024.1.2\bin;;C:\Users\Kedar.Tambat\AppData\Local\Programs\Git\cmd;C:\Program Files (x86)\BrowserStackLocal\;C:\Users\Kedar.Tambat\eclipse\java-2024-06\eclipse;
USERNAME=Kedar.Tambat
OS=Windows_NT
PROCESSOR_IDENTIFIER=Intel64 Family 6 Model 140 Stepping 1, GenuineIntel
TMP=C:\Users\KEDAR~1.TAM\AppData\Local\Temp
TEMP=C:\Users\KEDAR~1.TAM\AppData\Local\Temp




Periodic native trim disabled

---------------  S Y S T E M  ---------------

OS:
 Windows 10 , 64 bit Build 19041 (10.0.19041.5198)
OS uptime: 14 days 0:55 hours

CPU: total 4 (initial active 4) (2 cores per cpu, 2 threads per core) family 6 model 140 stepping 1 microcode 0xb8, cx8, cmov, fxsr, ht, mmx, 3dnowpref, sse, sse2, sse3, ssse3, sse4.1, sse4.2, popcnt, lzcnt, tsc, tscinvbit, avx, avx2, aes, erms, clmul, bmi1, bmi2, adx, avx512f, avx512dq, avx512cd, avx512bw, avx512vl, sha, fma, vzeroupper, avx512_vpopcntdq, avx512_vpclmulqdq, avx512_vaes, avx512_vnni, clflush, clflushopt, clwb, avx512_vbmi2, avx512_vbmi, rdtscp, rdpid, fsrm, gfni, avx512_bitalg, f16c, pku, cet_ibt, cet_ss, avx512_ifma
Processor Information for all 4 processors :
  Max Mhz: 2995, Current Mhz: 2995, Mhz Limit: 2995

Memory: 4k page, system-wide physical 7872M (310M free)
TotalPageFile size 20160M (AvailPageFile size 29M)
current process WorkingSet (physical memory assigned to process): 17M, peak: 17M
current process commit charge ("private bytes"): 58M, peak: 182M

vm_info: Java HotSpot(TM) 64-Bit Server VM (22.0.1+8-16) for windows-amd64 JRE (22.0.1+8-16), built on 2024-03-12T10:33:16Z by "mach5one" with MS VC++ 17.6 (VS2022)

END.
